[20:16:05] [Server thread/INFO]: Starting minecraft server version 1.7.10
[20:16:05] [Server thread/WARN]: To start the server with more ram, launch it as "java -Xmx1024M -Xms1024M -jar minecraft_server.jar"
[20:16:05] [Server console handler/ERROR]: Exception handling console input
java.io.IOException: The handle is invalid
	at java.io.FileInputStream.readBytes(Native Method) ~[?:1.7.0_79]
	at java.io.FileInputStream.read(Unknown Source) ~[?:1.7.0_79]
	at java.io.BufferedInputStream.read1(Unknown Source) ~[?:1.7.0_79]
	at java.io.BufferedInputStream.read(Unknown Source) ~[?:1.7.0_79]
	at sun.nio.cs.StreamDecoder.readBytes(Unknown Source) ~[?:1.7.0_79]
	at sun.nio.cs.StreamDecoder.implRead(Unknown Source) ~[?:1.7.0_79]
	at sun.nio.cs.StreamDecoder.read(Unknown Source) ~[?:1.7.0_79]
	at java.io.InputStreamReader.read(Unknown Source) ~[?:1.7.0_79]
	at java.io.BufferedReader.fill(Unknown Source) ~[?:1.7.0_79]
	at java.io.BufferedReader.readLine(Unknown Source) ~[?:1.7.0_79]
	at java.io.BufferedReader.readLine(Unknown Source) ~[?:1.7.0_79]
	at net.minecraft.server.dedicated.DedicatedServer$2.run(DedicatedServer.java:97) [lv.class:?]
[20:16:11] [Server thread/INFO]: Loading properties
[20:16:11] [Server thread/INFO]: Default game type: SURVIVAL
[20:16:11] [Server thread/INFO]: Generating keypair
[20:16:12] [Server thread/INFO]: Starting Minecraft server on *:25565
[20:16:13] [Server thread/WARN]: **** SERVER IS RUNNING IN OFFLINE/INSECURE MODE!
[20:16:13] [Server thread/WARN]: The server will make no attempt to authenticate usernames. Beware.
[20:16:13] [Server thread/WARN]: While this makes the game possible to play without internet access, it also opens up the ability for hackers to connect with any username they choose.
[20:16:13] [Server thread/WARN]: To change this, set "online-mode" to "true" in the server.properties file.
[20:16:13] [Server thread/INFO]: Preparing level "Familia de Putos"
[20:16:14] [Server thread/INFO]: Preparing start region for level 0
[20:16:15] [Server thread/INFO]: Preparing spawn area: 5%
[20:16:16] [Server thread/INFO]: Preparing spawn area: 9%
[20:16:17] [Server thread/INFO]: Preparing spawn area: 11%
[20:16:18] [Server thread/INFO]: Preparing spawn area: 14%
[20:16:19] [Server thread/INFO]: Preparing spawn area: 17%
[20:16:20] [Server thread/INFO]: Preparing spawn area: 21%
[20:16:21] [Server thread/INFO]: Preparing spawn area: 24%
[20:16:22] [Server thread/INFO]: Preparing spawn area: 28%
[20:16:23] [Server thread/INFO]: Preparing spawn area: 33%
[20:16:24] [Server thread/INFO]: Preparing spawn area: 37%
[20:16:25] [Server thread/INFO]: Preparing spawn area: 41%
[20:16:26] [Server thread/INFO]: Preparing spawn area: 45%
[20:16:27] [Server thread/INFO]: Preparing spawn area: 49%
[20:16:28] [Server thread/INFO]: Preparing spawn area: 53%
[20:16:29] [Server thread/INFO]: Preparing spawn area: 56%
[20:16:31] [Server thread/INFO]: Preparing spawn area: 60%
[20:16:32] [Server thread/INFO]: Preparing spawn area: 62%
[20:16:33] [Server thread/INFO]: Preparing spawn area: 65%
[20:16:34] [Server thread/INFO]: Preparing spawn area: 68%
[20:16:35] [Server thread/INFO]: Preparing spawn area: 69%
[20:16:36] [Server thread/INFO]: Preparing spawn area: 71%
[20:16:37] [Server thread/INFO]: Preparing spawn area: 73%
[20:16:38] [Server thread/INFO]: Preparing spawn area: 76%
[20:16:39] [Server thread/INFO]: Preparing spawn area: 78%
[20:16:40] [Server thread/INFO]: Preparing spawn area: 81%
[20:16:41] [Server thread/INFO]: Preparing spawn area: 84%
[20:16:42] [Server thread/INFO]: Preparing spawn area: 88%
[20:16:43] [Server thread/INFO]: Preparing spawn area: 91%
[20:16:44] [Server thread/INFO]: Preparing spawn area: 94%
[20:16:45] [Server thread/INFO]: Preparing spawn area: 97%
[20:16:46] [Server thread/INFO]: Done (32.937s)! For help, type "help" or "?"
[20:16:49] [Server thread/INFO]: Stopping the server
[20:16:49] [Server thread/INFO]: Stopping server
[20:16:49] [Server thread/INFO]: Saving players
[20:16:49] [Server thread/INFO]: Saving worlds
[20:16:49] [Server thread/INFO]: Saving chunks for level 'Familia de Putos'/Overworld
[20:16:55] [Server thread/INFO]: Saving chunks for level 'Familia de Putos'/Nether
[20:16:55] [Server thread/INFO]: Saving chunks for level 'Familia de Putos'/The End
